current directory: /mnt/wsl/PHYSICALDRIVE2/imsouza.github.io/_vendor/ruby/2.6.0/gems/ffi-1.17.0/ext/ffi_c
/home/mtz-dev/anaconda3/envs/web-dev/bin/ruby -I /home/mtz-dev/anaconda3/envs/web-dev/lib/ruby/site_ruby/2.6.0 -r ./siteconf20241209-31284-1sxf0hw.rb extconf.rb
/home/mtz-dev/anaconda3/envs/web-dev/lib/ruby/2.6.0/mkmf.rb:1565: warning: Insecure world writable dir /mnt/c in PATH, mode 040777
*** extconf.rb failed ***
Could not create Makefile due to some reason, probably lack of necessary
libraries and/or headers.  Check the mkmf.log file for more details.  You may
need configuration options.

Provided configuration options:
	--with-opt-dir
	--without-opt-dir
	--with-opt-include
	--without-opt-include=${opt-dir}/include
	--with-opt-lib
	--without-opt-lib=${opt-dir}/lib
	--with-make-prog
	--without-make-prog
	--srcdir=.
	--curdir
	--ruby=/home/mtz-dev/anaconda3/envs/web-dev/bin/$(RUBY_BASE_NAME)
	--with-ffi_c-dir
	--without-ffi_c-dir
	--with-ffi_c-include
	--without-ffi_c-include=${ffi_c-dir}/include
	--with-ffi_c-lib
	--without-ffi_c-lib=${ffi_c-dir}/lib
	--enable-debug
	--disable-debug
	--enable-system-libffi
	--disable-system-libffi
	--with-libffi-config
	--without-libffi-config
	--with-pkg-config
	--without-pkg-config
/home/mtz-dev/anaconda3/envs/web-dev/lib/ruby/2.6.0/mkmf.rb:467:in `try_do': The compiler failed to generate an executable file. (RuntimeError)
You have to install development tools first.
	from /home/mtz-dev/anaconda3/envs/web-dev/lib/ruby/2.6.0/mkmf.rb:552:in `try_link0'
	from /home/mtz-dev/anaconda3/envs/web-dev/lib/ruby/2.6.0/mkmf.rb:570:in `try_link'
	from /home/mtz-dev/anaconda3/envs/web-dev/lib/ruby/2.6.0/mkmf.rb:672:in `try_ldflags'
	from /home/mtz-dev/anaconda3/envs/web-dev/lib/ruby/2.6.0/mkmf.rb:1832:in `pkg_config'
	from extconf.rb:9:in `system_libffi_usable?'
	from extconf.rb:46:in `<main>'

To see why this extension failed to compile, please check the mkmf.log which can be found here:

  /mnt/wsl/PHYSICALDRIVE2/imsouza.github.io/_vendor/ruby/2.6.0/extensions/x86_64-linux/2.6.0/ffi-1.17.0/mkmf.log

extconf failed, exit code 1
