current directory: /mnt/wsl/PHYSICALDRIVE2/imsouza.github.io/_vendor/ruby/2.6.0/gems/eventmachine-1.2.7/ext
/home/mtz-dev/anaconda3/envs/web-dev/bin/ruby -I /home/mtz-dev/anaconda3/envs/web-dev/lib/ruby/site_ruby/2.6.0 -r ./siteconf20241209-31284-1vipfxr.rb extconf.rb
*** extconf.rb failed ***
Could not create Makefile due to some reason, probably lack of necessary
libraries and/or headers.  Check the mkmf.log file for more details.  You may
need configuration options.

Provided configuration options:
	--with-opt-dir
	--without-opt-dir
	--with-opt-include
	--without-opt-include=${opt-dir}/include
	--with-opt-lib
	--without-opt-lib=${opt-dir}/lib
	--with-make-prog
	--without-make-prog
	--srcdir=.
	--curdir
	--ruby=/home/mtz-dev/anaconda3/envs/web-dev/bin/$(RUBY_BASE_NAME)
	--with-ssl-dir
	--without-ssl-dir
	--with-ssl-include
	--without-ssl-include=${ssl-dir}/include
	--with-ssl-lib
	--without-ssl-lib=${ssl-dir}/lib
	--with-openssl-config
	--without-openssl-config
	--with-pkg-config
	--without-pkg-config
/home/mtz-dev/anaconda3/envs/web-dev/lib/ruby/2.6.0/mkmf.rb:467:in `try_do': The compiler failed to generate an executable file. (RuntimeError)
You have to install development tools first.
	from /home/mtz-dev/anaconda3/envs/web-dev/lib/ruby/2.6.0/mkmf.rb:552:in `try_link0'
	from /home/mtz-dev/anaconda3/envs/web-dev/lib/ruby/2.6.0/mkmf.rb:570:in `try_link'
	from /home/mtz-dev/anaconda3/envs/web-dev/lib/ruby/2.6.0/mkmf.rb:672:in `try_ldflags'
	from /home/mtz-dev/anaconda3/envs/web-dev/lib/ruby/2.6.0/mkmf.rb:1832:in `pkg_config'
	from extconf.rb:65:in `pkg_config_wrapper'
	from extconf.rb:92:in `<main>'

To see why this extension failed to compile, please check the mkmf.log which can be found here:

  /mnt/wsl/PHYSICALDRIVE2/imsouza.github.io/_vendor/ruby/2.6.0/extensions/x86_64-linux/2.6.0/eventmachine-1.2.7/mkmf.log

extconf failed, exit code 1
